Terminals unused in grammar

    CONSTANT
    PIPE
    REDIRECT_IN
    REDIRECT_OUT
    APPEND
    END


Grammar

    0 $accept: input $end

    1 input: commands

    2 commands: ε
    3         | commands WORD


Terminals, with rules where they appear

    $end (0) 0
    error (256)
    CONSTANT (258)
    WORD <str> (259) 3
    PIPE (260)
    REDIRECT_IN (261)
    REDIRECT_OUT (262)
    APPEND (263)
    END (264)


Nonterminals, with rules where they appear

    $accept (10)
        on left: 0
    input (11)
        on left: 1
        on right: 0
    commands <str> (12)
        on left: 2 3
        on right: 1 3


State 0

    0 $accept: • input $end

    $default  reduce using rule 2 (commands)

    input     go to state 1
    commands  go to state 2


State 1

    0 $accept: input • $end

    $end  shift, and go to state 3


State 2

    1 input: commands •
    3 commands: commands • WORD

    WORD  shift, and go to state 4

    $default  reduce using rule 1 (input)


State 3

    0 $accept: input $end •

    $default  accept


State 4

    3 commands: commands WORD •

    $default  reduce using rule 3 (commands)
